<?xml version="1.0" encoding="UTF-8"?>
<!-- Generated by org.testng.reporters.JUnitReportReporter -->
<testsuite hostname="DESKTOP-5MVARJV" failures="0" tests="22" name="WebAutomation.TestScenarios" time="252.475" errors="0" timestamp="2024-02-19T13:13:37 IST" skipped="0">
  <testcase classname="WebAutomation.TestScenarios" name="testSignUpForm" time="7.485"/>
  <system-out/>
  <testcase classname="WebAutomation.TestScenarios" name="testIFrames" time="6.134"/>
  <system-out/>
  <testcase classname="WebAutomation.TestScenarios" name="testDragNDrop" time="6.831"/>
  <system-out/>
  <testcase classname="WebAutomation.TestScenarios" name="testAlerts" time="11.469"/>
  <system-out/>
  <testcase classname="WebAutomation.TestScenarios" name="testLinks" time="22.311"/>
  <system-out/>
  <testcase classname="WebAutomation.TestScenarios" name="testAutoComplete" time="9.446"/>
  <system-out/>
  <testcase classname="WebAutomation.TestScenarios" name="testWebTable" time="8.995"/>
  <system-out/>
  <testcase classname="WebAutomation.TestScenarios" name="testShadowDom" time="9.280"/>
  <system-out/>
  <testcase classname="WebAutomation.TestScenarios" name="testDelays" time="19.987"/>
  <system-out/>
  <testcase classname="WebAutomation.TestScenarios" name="testIFrames" time="12.647"/>
  <system-out/>
  <testcase classname="WebAutomation.TestScenarios" name="testShadowDom" time="12.543"/>
  <system-out/>
  <testcase classname="WebAutomation.TestScenarios" name="testTitle" time="16.084"/>
  <system-out/>
  <testcase classname="WebAutomation.TestScenarios" name="testDelays" time="14.454"/>
  <system-out/>
  <testcase classname="WebAutomation.TestScenarios" name="testLists" time="4.491"/>
  <system-out/>
  <testcase classname="WebAutomation.TestScenarios" name="testAutoComplete" time="5.206"/>
  <system-out/>
  <testcase classname="WebAutomation.TestScenarios" name="testTitle" time="3.348"/>
  <system-out/>
  <testcase classname="WebAutomation.TestScenarios" name="testLists" time="11.525"/>
  <system-out/>
  <testcase classname="WebAutomation.TestScenarios" name="testSignUpForm" time="9.160"/>
  <system-out/>
  <testcase classname="WebAutomation.TestScenarios" name="testLinks" time="16.497"/>
  <system-out/>
  <testcase classname="WebAutomation.TestScenarios" name="testAlerts" time="18.097"/>
  <system-out/>
  <testcase classname="WebAutomation.TestScenarios" name="testDragNDrop" time="19.443"/>
  <system-out/>
  <testcase classname="WebAutomation.TestScenarios" name="testWebTable" time="7.042"/>
  <system-out/>
</testsuite> <!-- WebAutomation.TestScenarios -->
